{"/Users/sooraj/Desktop/homitagtest/homitagtestapp/src/assets/buttonbg.png": {"path":"/Users/sooraj/Desktop/homitagtest/homitagtestapp/src/assets/buttonbg.png","statementMap":{"0":{"start":{"line":1,"column":0},"end":{"line":4,"column":6}}},"fnMap":{},"branchMap":{},"s":{"0":1},"f":{},"b":{},"_coverageSchema":"43e27e138ebf9cfc5966b082cf9a028302ed4184","hash":"a226bfa6f5b7ac5ebb6aedccd07fd6ac263fb468"}
,"/Users/sooraj/Desktop/homitagtest/homitagtestapp/src/assets/logo.png": {"path":"/Users/sooraj/Desktop/homitagtest/homitagtestapp/src/assets/logo.png","statementMap":{"0":{"start":{"line":1,"column":0},"end":{"line":4,"column":6}}},"fnMap":{},"branchMap":{},"s":{"0":1},"f":{},"b":{},"_coverageSchema":"43e27e138ebf9cfc5966b082cf9a028302ed4184","hash":"16b34a779d997d99496838fd859b4889def69b65"}
,"/Users/sooraj/Desktop/homitagtest/homitagtestapp/src/constants/index.js": {"path":"/Users/sooraj/Desktop/homitagtest/homitagtestapp/src/constants/index.js","statementMap":{"0":{"start":{"line":1,"column":28},"end":{"line":1,"column":180}},"1":{"start":{"line":2,"column":31},"end":{"line":2,"column":69}}},"fnMap":{},"branchMap":{},"s":{"0":1,"1":1},"f":{},"b":{},"_coverageSchema":"43e27e138ebf9cfc5966b082cf9a028302ed4184","hash":"03b4456a828e67d86c962b45f85966a676400611"}
,"/Users/sooraj/Desktop/homitagtest/homitagtestapp/src/ui_components/Button/Styles.js": {"path":"/Users/sooraj/Desktop/homitagtest/homitagtestapp/src/ui_components/Button/Styles.js","statementMap":{"0":{"start":{"line":2,"column":24},"end":{"line":2,"column":48}},"1":{"start":{"line":4,"column":15},"end":{"line":20,"column":2}}},"fnMap":{},"branchMap":{},"s":{"0":1,"1":1},"f":{},"b":{},"_coverageSchema":"43e27e138ebf9cfc5966b082cf9a028302ed4184","hash":"fc18998981ca8eecb98634f011ecba1b4f66c86e"}
,"/Users/sooraj/Desktop/homitagtest/homitagtestapp/src/ui_components/Button/index.js": {"path":"/Users/sooraj/Desktop/homitagtest/homitagtestapp/src/ui_components/Button/index.js","statementMap":{"0":{"start":{"line":16,"column":15},"end":{"line":28,"column":1}},"1":{"start":{"line":17,"column":2},"end":{"line":27,"column":4}},"2":{"start":{"line":18,"column":59},"end":{"line":18,"column":78}},"3":{"start":{"line":32,"column":0},"end":{"line":35,"column":2}}},"fnMap":{"0":{"name":"(anonymous_0)","decl":{"start":{"line":16,"column":15},"end":{"line":16,"column":16}},"loc":{"start":{"line":16,"column":24},"end":{"line":28,"column":1}},"line":16},"1":{"name":"(anonymous_1)","decl":{"start":{"line":18,"column":53},"end":{"line":18,"column":54}},"loc":{"start":{"line":18,"column":59},"end":{"line":18,"column":78}},"line":18}},"branchMap":{},"s":{"0":1,"1":3,"2":1,"3":1},"f":{"0":3,"1":1},"b":{},"_coverageSchema":"43e27e138ebf9cfc5966b082cf9a028302ed4184","hash":"c7069d8e844b8339d43d79c60d155ef84fe68b82"}
,"/Users/sooraj/Desktop/homitagtest/homitagtestapp/src/ui_components/CardWithLogo/Styles.js": {"path":"/Users/sooraj/Desktop/homitagtest/homitagtestapp/src/ui_components/CardWithLogo/Styles.js","statementMap":{"0":{"start":{"line":3,"column":24},"end":{"line":3,"column":48}},"1":{"start":{"line":5,"column":15},"end":{"line":29,"column":2}}},"fnMap":{},"branchMap":{},"s":{"0":1,"1":1},"f":{},"b":{},"_coverageSchema":"43e27e138ebf9cfc5966b082cf9a028302ed4184","hash":"e6e8c314a5c0072b9832f9dd8751170fd2464e79"}
,"/Users/sooraj/Desktop/homitagtest/homitagtestapp/src/ui_components/CardWithLogo/index.js": {"path":"/Users/sooraj/Desktop/homitagtest/homitagtestapp/src/ui_components/CardWithLogo/index.js","statementMap":{"0":{"start":{"line":16,"column":21},"end":{"line":24,"column":1}},"1":{"start":{"line":17,"column":2},"end":{"line":23,"column":4}},"2":{"start":{"line":28,"column":0},"end":{"line":31,"column":2}}},"fnMap":{"0":{"name":"(anonymous_0)","decl":{"start":{"line":16,"column":21},"end":{"line":16,"column":22}},"loc":{"start":{"line":16,"column":30},"end":{"line":24,"column":1}},"line":16}},"branchMap":{},"s":{"0":1,"1":2,"2":1},"f":{"0":2},"b":{},"_coverageSchema":"43e27e138ebf9cfc5966b082cf9a028302ed4184","hash":"2a459fd0ee46ff535598e4ee5a084103547e1f52"}
,"/Users/sooraj/Desktop/homitagtest/homitagtestapp/src/ui_components/CheckBoxWithText/Styles.js": {"path":"/Users/sooraj/Desktop/homitagtest/homitagtestapp/src/ui_components/CheckBoxWithText/Styles.js","statementMap":{"0":{"start":{"line":3,"column":24},"end":{"line":3,"column":48}},"1":{"start":{"line":5,"column":15},"end":{"line":19,"column":2}}},"fnMap":{},"branchMap":{},"s":{"0":1,"1":1},"f":{},"b":{},"_coverageSchema":"43e27e138ebf9cfc5966b082cf9a028302ed4184","hash":"370f2944a54ea3da3ce44d5457c50678f50fa4d2"}
,"/Users/sooraj/Desktop/homitagtest/homitagtestapp/src/ui_components/CheckBoxWithText/index.js": {"path":"/Users/sooraj/Desktop/homitagtest/homitagtestapp/src/ui_components/CheckBoxWithText/index.js","statementMap":{"0":{"start":{"line":16,"column":16},"end":{"line":16,"column":40}},"1":{"start":{"line":18,"column":25},"end":{"line":43,"column":1}},"2":{"start":{"line":19,"column":38},"end":{"line":19,"column":53}},"3":{"start":{"line":21,"column":25},"end":{"line":29,"column":3}},"4":{"start":{"line":22,"column":4},"end":{"line":28,"column":5}},"5":{"start":{"line":23,"column":6},"end":{"line":23,"column":30}},"6":{"start":{"line":24,"column":6},"end":{"line":24,"column":34}},"7":{"start":{"line":26,"column":6},"end":{"line":26,"column":29}},"8":{"start":{"line":27,"column":6},"end":{"line":27,"column":33}},"9":{"start":{"line":31,"column":2},"end":{"line":42,"column":4}},"10":{"start":{"line":33,"column":39},"end":{"line":33,"column":55}},"11":{"start":{"line":47,"column":0},"end":{"line":50,"column":2}}},"fnMap":{"0":{"name":"(anonymous_0)","decl":{"start":{"line":18,"column":25},"end":{"line":18,"column":26}},"loc":{"start":{"line":18,"column":34},"end":{"line":43,"column":1}},"line":18},"1":{"name":"(anonymous_1)","decl":{"start":{"line":21,"column":25},"end":{"line":21,"column":26}},"loc":{"start":{"line":21,"column":31},"end":{"line":29,"column":3}},"line":21},"2":{"name":"(anonymous_2)","decl":{"start":{"line":33,"column":33},"end":{"line":33,"column":34}},"loc":{"start":{"line":33,"column":39},"end":{"line":33,"column":55}},"line":33}},"branchMap":{"0":{"loc":{"start":{"line":22,"column":4},"end":{"line":28,"column":5}},"type":"if","locations":[{"start":{"line":22,"column":4},"end":{"line":28,"column":5}},{"start":{"line":22,"column":4},"end":{"line":28,"column":5}}],"line":22},"1":{"loc":{"start":{"line":35,"column":16},"end":{"line":35,"column":65}},"type":"cond-expr","locations":[{"start":{"line":35,"column":26},"end":{"line":35,"column":37}},{"start":{"line":35,"column":40},"end":{"line":35,"column":65}}],"line":35}},"s":{"0":1,"1":1,"2":4,"3":4,"4":2,"5":1,"6":1,"7":1,"8":1,"9":4,"10":2,"11":1},"f":{"0":4,"1":2,"2":2},"b":{"0":[1,1],"1":[1,3]},"_coverageSchema":"43e27e138ebf9cfc5966b082cf9a028302ed4184","hash":"5d6aaee6bfdf4db406331cd5dc6ef84028cce16c"}
,"/Users/sooraj/Desktop/homitagtest/homitagtestapp/src/ui_components/FooterText/Styles.js": {"path":"/Users/sooraj/Desktop/homitagtest/homitagtestapp/src/ui_components/FooterText/Styles.js","statementMap":{"0":{"start":{"line":3,"column":17},"end":{"line":3,"column":41}},"1":{"start":{"line":5,"column":15},"end":{"line":20,"column":2}}},"fnMap":{},"branchMap":{},"s":{"0":1,"1":1},"f":{},"b":{},"_coverageSchema":"43e27e138ebf9cfc5966b082cf9a028302ed4184","hash":"10b3f0c6b179569b1e2310b995ed4312cfa56fd2"}
,"/Users/sooraj/Desktop/homitagtest/homitagtestapp/src/ui_components/FooterText/index.js": {"path":"/Users/sooraj/Desktop/homitagtest/homitagtestapp/src/ui_components/FooterText/index.js","statementMap":{"0":{"start":{"line":15,"column":19},"end":{"line":26,"column":1}},"1":{"start":{"line":16,"column":2},"end":{"line":25,"column":4}},"2":{"start":{"line":20,"column":23},"end":{"line":20,"column":45}},"3":{"start":{"line":30,"column":0},"end":{"line":33,"column":2}}},"fnMap":{"0":{"name":"(anonymous_0)","decl":{"start":{"line":15,"column":19},"end":{"line":15,"column":20}},"loc":{"start":{"line":15,"column":28},"end":{"line":26,"column":1}},"line":15},"1":{"name":"(anonymous_1)","decl":{"start":{"line":20,"column":17},"end":{"line":20,"column":18}},"loc":{"start":{"line":20,"column":23},"end":{"line":20,"column":45}},"line":20}},"branchMap":{},"s":{"0":1,"1":3,"2":1,"3":1},"f":{"0":3,"1":1},"b":{},"_coverageSchema":"43e27e138ebf9cfc5966b082cf9a028302ed4184","hash":"b22a610141736917aaf9f0147a8c54d17ee250f1"}
,"/Users/sooraj/Desktop/homitagtest/homitagtestapp/src/ui_components/TextInputField/Styles.js": {"path":"/Users/sooraj/Desktop/homitagtest/homitagtestapp/src/ui_components/TextInputField/Styles.js","statementMap":{"0":{"start":{"line":2,"column":24},"end":{"line":2,"column":48}},"1":{"start":{"line":4,"column":15},"end":{"line":25,"column":2}}},"fnMap":{},"branchMap":{},"s":{"0":1,"1":1},"f":{},"b":{},"_coverageSchema":"43e27e138ebf9cfc5966b082cf9a028302ed4184","hash":"1a044ac3e8cf1aa9342d9a813f2e698e02b8ccbb"}
,"/Users/sooraj/Desktop/homitagtest/homitagtestapp/src/ui_components/TextInputField/index.js": {"path":"/Users/sooraj/Desktop/homitagtest/homitagtestapp/src/ui_components/TextInputField/index.js","statementMap":{"0":{"start":{"line":15,"column":23},"end":{"line":45,"column":1}},"1":{"start":{"line":16,"column":46},"end":{"line":16,"column":60}},"2":{"start":{"line":18,"column":27},"end":{"line":26,"column":3}},"3":{"start":{"line":19,"column":4},"end":{"line":25,"column":5}},"4":{"start":{"line":20,"column":6},"end":{"line":20,"column":30}},"5":{"start":{"line":21,"column":6},"end":{"line":21,"column":54}},"6":{"start":{"line":23,"column":6},"end":{"line":23,"column":31}},"7":{"start":{"line":24,"column":6},"end":{"line":24,"column":55}},"8":{"start":{"line":27,"column":2},"end":{"line":44,"column":4}},"9":{"start":{"line":35,"column":30},"end":{"line":35,"column":52}},"10":{"start":{"line":41,"column":31},"end":{"line":41,"column":49}},"11":{"start":{"line":49,"column":0},"end":{"line":55,"column":2}}},"fnMap":{"0":{"name":"(anonymous_0)","decl":{"start":{"line":15,"column":23},"end":{"line":15,"column":24}},"loc":{"start":{"line":15,"column":32},"end":{"line":45,"column":1}},"line":15},"1":{"name":"(anonymous_1)","decl":{"start":{"line":18,"column":27},"end":{"line":18,"column":28}},"loc":{"start":{"line":18,"column":36},"end":{"line":26,"column":3}},"line":18},"2":{"name":"(anonymous_2)","decl":{"start":{"line":35,"column":22},"end":{"line":35,"column":23}},"loc":{"start":{"line":35,"column":30},"end":{"line":35,"column":52}},"line":35},"3":{"name":"(anonymous_3)","decl":{"start":{"line":41,"column":25},"end":{"line":41,"column":26}},"loc":{"start":{"line":41,"column":31},"end":{"line":41,"column":49}},"line":41}},"branchMap":{"0":{"loc":{"start":{"line":19,"column":4},"end":{"line":25,"column":5}},"type":"if","locations":[{"start":{"line":19,"column":4},"end":{"line":25,"column":5}},{"start":{"line":19,"column":4},"end":{"line":25,"column":5}}],"line":19},"1":{"loc":{"start":{"line":33,"column":24},"end":{"line":33,"column":56}},"type":"cond-expr","locations":[{"start":{"line":33,"column":41},"end":{"line":33,"column":48}},{"start":{"line":33,"column":51},"end":{"line":33,"column":56}}],"line":33}},"s":{"0":1,"1":8,"2":8,"3":4,"4":1,"5":1,"6":3,"7":3,"8":8,"9":4,"10":1,"11":1},"f":{"0":8,"1":4,"2":4,"3":1},"b":{"0":[1,3],"1":[5,3]},"_coverageSchema":"43e27e138ebf9cfc5966b082cf9a028302ed4184","hash":"b50d9a026bad5948422b3df5af889736068ac294"}
}
