TN:
SF:/Users/sooraj/Desktop/homitagtest/homitagtestapp/src/assets/buttonbg.png
FNF:0
FNH:0
DA:1,1
LF:1
LH:1
BRF:0
BRH:0
end_of_record
TN:
SF:/Users/sooraj/Desktop/homitagtest/homitagtestapp/src/assets/logo.png
FNF:0
FNH:0
DA:1,1
LF:1
LH:1
BRF:0
BRH:0
end_of_record
TN:
SF:/Users/sooraj/Desktop/homitagtest/homitagtestapp/src/constants/index.js
FNF:0
FNH:0
DA:1,1
DA:2,1
LF:2
LH:2
BRF:0
BRH:0
end_of_record
TN:
SF:/Users/sooraj/Desktop/homitagtest/homitagtestapp/src/ui_components/Button/Styles.js
FNF:0
FNH:0
DA:2,1
DA:4,1
LF:2
LH:2
BRF:0
BRH:0
end_of_record
TN:
SF:/Users/sooraj/Desktop/homitagtest/homitagtestapp/src/ui_components/Button/index.js
FN:16,(anonymous_0)
FN:18,(anonymous_1)
FNF:2
FNH:2
FNDA:3,(anonymous_0)
FNDA:1,(anonymous_1)
DA:16,1
DA:17,3
DA:18,1
DA:32,1
LF:4
LH:4
BRF:0
BRH:0
end_of_record
TN:
SF:/Users/sooraj/Desktop/homitagtest/homitagtestapp/src/ui_components/CardWithLogo/Styles.js
FNF:0
FNH:0
DA:3,1
DA:5,1
LF:2
LH:2
BRF:0
BRH:0
end_of_record
TN:
SF:/Users/sooraj/Desktop/homitagtest/homitagtestapp/src/ui_components/CardWithLogo/index.js
FN:16,(anonymous_0)
FNF:1
FNH:1
FNDA:2,(anonymous_0)
DA:16,1
DA:17,2
DA:28,1
LF:3
LH:3
BRF:0
BRH:0
end_of_record
TN:
SF:/Users/sooraj/Desktop/homitagtest/homitagtestapp/src/ui_components/CheckBoxWithText/Styles.js
FNF:0
FNH:0
DA:3,1
DA:5,1
LF:2
LH:2
BRF:0
BRH:0
end_of_record
TN:
SF:/Users/sooraj/Desktop/homitagtest/homitagtestapp/src/ui_components/CheckBoxWithText/index.js
FN:18,(anonymous_0)
FN:21,(anonymous_1)
FN:33,(anonymous_2)
FNF:3
FNH:3
FNDA:4,(anonymous_0)
FNDA:2,(anonymous_1)
FNDA:2,(anonymous_2)
DA:16,1
DA:18,1
DA:19,4
DA:21,4
DA:22,2
DA:23,1
DA:24,1
DA:26,1
DA:27,1
DA:31,4
DA:33,2
DA:47,1
LF:12
LH:12
BRDA:22,0,0,1
BRDA:22,0,1,1
BRDA:35,1,0,1
BRDA:35,1,1,3
BRF:4
BRH:4
end_of_record
TN:
SF:/Users/sooraj/Desktop/homitagtest/homitagtestapp/src/ui_components/FooterText/Styles.js
FNF:0
FNH:0
DA:3,1
DA:5,1
LF:2
LH:2
BRF:0
BRH:0
end_of_record
TN:
SF:/Users/sooraj/Desktop/homitagtest/homitagtestapp/src/ui_components/FooterText/index.js
FN:15,(anonymous_0)
FN:20,(anonymous_1)
FNF:2
FNH:2
FNDA:3,(anonymous_0)
FNDA:1,(anonymous_1)
DA:15,1
DA:16,3
DA:20,1
DA:30,1
LF:4
LH:4
BRF:0
BRH:0
end_of_record
TN:
SF:/Users/sooraj/Desktop/homitagtest/homitagtestapp/src/ui_components/TextInputField/Styles.js
FNF:0
FNH:0
DA:2,1
DA:4,1
LF:2
LH:2
BRF:0
BRH:0
end_of_record
TN:
SF:/Users/sooraj/Desktop/homitagtest/homitagtestapp/src/ui_components/TextInputField/index.js
FN:15,(anonymous_0)
FN:18,(anonymous_1)
FN:35,(anonymous_2)
FN:41,(anonymous_3)
FNF:4
FNH:4
FNDA:8,(anonymous_0)
FNDA:4,(anonymous_1)
FNDA:4,(anonymous_2)
FNDA:1,(anonymous_3)
DA:15,1
DA:16,8
DA:18,8
DA:19,4
DA:20,1
DA:21,1
DA:23,3
DA:24,3
DA:27,8
DA:35,4
DA:41,1
DA:49,1
LF:12
LH:12
BRDA:19,0,0,1
BRDA:19,0,1,3
BRDA:33,1,0,5
BRDA:33,1,1,3
BRF:4
BRH:4
end_of_record
